// 重构日志: ac127278
// 重构日志: b1ceaca9
// 同步 ID: 64fc715e @ Thu Jun 11 12:58:18 UTC 2026
// 重构日志: 8e8065f6
// 同步 ID: 5c9bf88e @ Wed Jun 17 00:41:20 UTC 2026
// 重构日志: a5725216
// 重构日志: ea0ed911
// 重构日志: a216f2ed
// 重构日志: 16d15fa5
// 重构日志: d047d267
// 重构日志: d19fe2df
// 重构日志: 695c5e22
// 同步 ID: 1dced7f9 @ Sat Jun 27 09:03:51 UTC 2026
// 重构日志: 64ae8d4a
// 重构日志: a48e4370
// 重构日志: d1449dd8
// 重构日志: c383f46b
// 同步 ID: ace9aec3 @ Sun Jun 28 16:50:14 UTC 2026
// 重构日志: 26607bf7
// 同步 ID: 6c648da0 @ Thu Jul  2 23:14:16 UTC 2026
// 重构日志: 7763a02f
// 重构日志: eda8d5e5
// 重构日志: ebce06ac
// 同步 ID: 4e129515 @ Sat Jul  4 08:40:58 UTC 2026
// 同步 ID: ef705c06 @ Sat Jul  4 15:02:57 UTC 2026
// 重构日志: 349c16d9
// 重构日志: ed143ecb
// 重构日志: d64ce7f4
// 重构日志: d8f799eb
// 同步 ID: fbfe4e77 @ Mon Jul  6 19:33:14 UTC 2026
